<?xml version="1.0" encoding="UTF-8"?>
<!-- Generated by org.testng.reporters.JUnitXMLReporter -->
<testsuite hostname="LAPTOP-E8FOCFQK" ignored="0" name="Default test" tests="4" failures="0" timestamp="23 May 2020 10:40:51 GMT" time="253.477" errors="0">
  <testcase name="usernamepasswordnotok" time="58.328" classname="Irctcmanual.Irctcmanualsample1$Irctcsample"/>
  <testcase name="usernamenotok" time="41.468" classname="Irctcmanual.Irctcmanualsample1$Irctcsample"/>
  <testcase name="passwordnotok" time="40.325" classname="Irctcmanual.Irctcmanualsample1$Irctcsample"/>
  <testcase name="test" time="38.247" classname="Irctcmanual.Irctcmanualsample1$Irctcsample"/>
</testsuite> <!-- Default test -->
